2021-12-20  9:48:46 0 [Note] InnoDB: Mutexes and rw_locks use Windows interlocked functions
2021-12-20  9:48:46 0 [Note] InnoDB: Uses event mutexes
2021-12-20  9:48:46 0 [Note] InnoDB: Compressed tables use zlib 1.2.11
2021-12-20  9:48:46 0 [Note] InnoDB: Number of pools: 1
2021-12-20  9:48:46 0 [Note] InnoDB: Using SSE2 crc32 instructions
2021-12-20  9:48:46 0 [Note] InnoDB: Initializing buffer pool, total size = 16M, instances = 1, chunk size = 16M
2021-12-20  9:48:46 0 [Note] InnoDB: Completed initialization of buffer pool
2021-12-20  9:48:46 0 [Note] InnoDB: Starting crash recovery from checkpoint LSN=300288
2021-12-20  9:48:46 0 [Note] InnoDB: 128 out of 128 rollback segments are active.
2021-12-20  9:48:47 0 [Note] InnoDB: Removed temporary tablespace data file: "ibtmp1"
2021-12-20  9:48:47 0 [Note] InnoDB: Creating shared tablespace for temporary tables
2021-12-20  9:48:47 0 [Note] InnoDB: Setting file 'E:\XAMP_WORK\mysql\data\ibtmp1' size to 12 MB. Physically writing the file full; Please wait ...
2021-12-20  9:48:47 0 [Note] InnoDB: File 'E:\XAMP_WORK\mysql\data\ibtmp1' size is now 12 MB.
2021-12-20  9:48:47 0 [Note] InnoDB: Waiting for purge to start
2021-12-20  9:48:47 0 [Note] InnoDB: 10.4.22 started; log sequence number 300297; transaction id 170
2021-12-20  9:48:47 0 [Note] InnoDB: Loading buffer pool(s) from E:\XAMP_WORK\mysql\data\ib_buffer_pool
2021-12-20  9:48:47 0 [Note] Plugin 'FEEDBACK' is disabled.
2021-12-20  9:48:47 0 [Note] Server socket created on IP: '::'.
2021-12-20 18:57:12 0 [Note] InnoDB: Mutexes and rw_locks use Windows interlocked functions
2021-12-20 18:57:12 0 [Note] InnoDB: Uses event mutexes
2021-12-20 18:57:12 0 [Note] InnoDB: Compressed tables use zlib 1.2.11
2021-12-20 18:57:12 0 [Note] InnoDB: Number of pools: 1
2021-12-20 18:57:12 0 [Note] InnoDB: Using SSE2 crc32 instructions
2021-12-20 18:57:12 0 [Note] InnoDB: Initializing buffer pool, total size = 16M, instances = 1, chunk size = 16M
2021-12-20 18:57:12 0 [Note] InnoDB: Completed initialization of buffer pool
2021-12-20 18:57:12 0 [Note] InnoDB: Starting crash recovery from checkpoint LSN=300306
2021-12-20 18:57:13 0 [Note] InnoDB: 128 out of 128 rollback segments are active.
2021-12-20 18:57:13 0 [Note] InnoDB: Removed temporary tablespace data file: "ibtmp1"
2021-12-20 18:57:13 0 [Note] InnoDB: Creating shared tablespace for temporary tables
2021-12-20 18:57:13 0 [Note] InnoDB: Setting file 'E:\XAMP_WORK\mysql\data\ibtmp1' size to 12 MB. Physically writing the file full; Please wait ...
2021-12-20 18:57:13 0 [Note] InnoDB: File 'E:\XAMP_WORK\mysql\data\ibtmp1' size is now 12 MB.
2021-12-20 18:57:13 0 [Note] InnoDB: Waiting for purge to start
2021-12-20 18:57:13 0 [Note] InnoDB: 10.4.22 started; log sequence number 300315; transaction id 170
2021-12-20 18:57:13 0 [Note] InnoDB: Loading buffer pool(s) from E:\XAMP_WORK\mysql\data\ib_buffer_pool
2021-12-20 18:57:13 0 [Note] Plugin 'FEEDBACK' is disabled.
2021-12-20 18:57:13 0 [Note] InnoDB: Buffer pool(s) load completed at 211220 18:57:13
2021-12-20 18:57:13 0 [Note] Server socket created on IP: '::'.
2021-12-20 19:06:01 0 [Note] InnoDB: Mutexes and rw_locks use Windows interlocked functions
2021-12-20 19:06:01 0 [Note] InnoDB: Uses event mutexes
2021-12-20 19:06:01 0 [Note] InnoDB: Compressed tables use zlib 1.2.11
2021-12-20 19:06:01 0 [Note] InnoDB: Number of pools: 1
2021-12-20 19:06:01 0 [Note] InnoDB: Using SSE2 crc32 instructions
2021-12-20 19:06:01 0 [Note] InnoDB: Initializing buffer pool, total size = 16M, instances = 1, chunk size = 16M
2021-12-20 19:06:01 0 [Note] InnoDB: Completed initialization of buffer pool
2021-12-20 19:06:01 0 [Note] InnoDB: Starting crash recovery from checkpoint LSN=301072
2021-12-20 19:06:01 0 [Note] InnoDB: 128 out of 128 rollback segments are active.
2021-12-20 19:06:01 0 [Note] InnoDB: Removed temporary tablespace data file: "ibtmp1"
2021-12-20 19:06:01 0 [Note] InnoDB: Creating shared tablespace for temporary tables
2021-12-20 19:06:01 0 [Note] InnoDB: Setting file 'E:\XAMP_WORK\mysql\data\ibtmp1' size to 12 MB. Physically writing the file full; Please wait ...
2021-12-20 19:06:01 0 [Note] InnoDB: File 'E:\XAMP_WORK\mysql\data\ibtmp1' size is now 12 MB.
2021-12-20 19:06:01 0 [Note] InnoDB: Waiting for purge to start
2021-12-20 19:06:01 0 [Note] InnoDB: 10.4.22 started; log sequence number 301081; transaction id 195
2021-12-20 19:06:01 0 [Note] InnoDB: Loading buffer pool(s) from E:\XAMP_WORK\mysql\data\ib_buffer_pool
2021-12-20 19:06:01 0 [Note] Plugin 'FEEDBACK' is disabled.
2021-12-20 19:06:01 0 [Note] Server socket created on IP: '::'.
2021-12-20 19:23:27 0 [Note] InnoDB: Mutexes and rw_locks use Windows interlocked functions
2021-12-20 19:23:27 0 [Note] InnoDB: Uses event mutexes
2021-12-20 19:23:27 0 [Note] InnoDB: Compressed tables use zlib 1.2.11
2021-12-20 19:23:27 0 [Note] InnoDB: Number of pools: 1
2021-12-20 19:23:27 0 [Note] InnoDB: Using SSE2 crc32 instructions
2021-12-20 19:23:27 0 [Note] InnoDB: Initializing buffer pool, total size = 16M, instances = 1, chunk size = 16M
2021-12-20 19:23:27 0 [Note] InnoDB: Completed initialization of buffer pool
2021-12-20 19:23:27 0 [Note] InnoDB: Starting crash recovery from checkpoint LSN=301407
2021-12-20 19:23:27 0 [Note] InnoDB: 128 out of 128 rollback segments are active.
2021-12-20 19:23:27 0 [Note] InnoDB: Removed temporary tablespace data file: "ibtmp1"
2021-12-20 19:23:27 0 [Note] InnoDB: Creating shared tablespace for temporary tables
2021-12-20 19:23:27 0 [Note] InnoDB: Setting file 'E:\XAMP_WORK\mysql\data\ibtmp1' size to 12 MB. Physically writing the file full; Please wait ...
2021-12-20 19:23:27 0 [Note] InnoDB: File 'E:\XAMP_WORK\mysql\data\ibtmp1' size is now 12 MB.
2021-12-20 19:23:27 0 [Note] InnoDB: Waiting for purge to start
2021-12-20 19:23:27 0 [Note] InnoDB: 10.4.22 started; log sequence number 301416; transaction id 218
2021-12-20 19:23:27 0 [Note] InnoDB: Loading buffer pool(s) from E:\XAMP_WORK\mysql\data\ib_buffer_pool
2021-12-20 19:23:27 0 [Note] Plugin 'FEEDBACK' is disabled.
2021-12-20 19:23:27 0 [Note] Server socket created on IP: '::'.
2021-12-20 20:10:51 0 [Note] InnoDB: Mutexes and rw_locks use Windows interlocked functions
2021-12-20 20:10:51 0 [Note] InnoDB: Uses event mutexes
2021-12-20 20:10:51 0 [Note] InnoDB: Compressed tables use zlib 1.2.11
2021-12-20 20:10:51 0 [Note] InnoDB: Number of pools: 1
2021-12-20 20:10:51 0 [Note] InnoDB: Using SSE2 crc32 instructions
2021-12-20 20:10:51 0 [Note] InnoDB: Initializing buffer pool, total size = 16M, instances = 1, chunk size = 16M
2021-12-20 20:10:51 0 [Note] InnoDB: Completed initialization of buffer pool
2021-12-20 20:10:52 0 [Note] InnoDB: Starting crash recovery from checkpoint LSN=309595
2021-12-20 20:10:52 0 [Note] InnoDB: 128 out of 128 rollback segments are active.
2021-12-20 20:10:52 0 [Note] InnoDB: Removed temporary tablespace data file: "ibtmp1"
2021-12-20 20:10:52 0 [Note] InnoDB: Creating shared tablespace for temporary tables
2021-12-20 20:10:52 0 [Note] InnoDB: Setting file 'E:\XAMP_WORK\mysql\data\ibtmp1' size to 12 MB. Physically writing the file full; Please wait ...
2021-12-20 20:10:52 0 [Note] InnoDB: File 'E:\XAMP_WORK\mysql\data\ibtmp1' size is now 12 MB.
2021-12-20 20:10:52 0 [Note] InnoDB: Waiting for purge to start
2021-12-20 20:10:52 0 [Note] InnoDB: 10.4.22 started; log sequence number 309604; transaction id 251
2021-12-20 20:10:52 0 [Note] InnoDB: Loading buffer pool(s) from E:\XAMP_WORK\mysql\data\ib_buffer_pool
2021-12-20 20:10:52 0 [Note] Plugin 'FEEDBACK' is disabled.
2021-12-20 20:10:52 0 [Note] Server socket created on IP: '::'.
2021-12-21  7:50:10 0 [Note] InnoDB: Mutexes and rw_locks use Windows interlocked functions
2021-12-21  7:50:10 0 [Note] InnoDB: Uses event mutexes
2021-12-21  7:50:10 0 [Note] InnoDB: Compressed tables use zlib 1.2.11
2021-12-21  7:50:10 0 [Note] InnoDB: Number of pools: 1
2021-12-21  7:50:10 0 [Note] InnoDB: Using SSE2 crc32 instructions
2021-12-21  7:50:10 0 [Note] InnoDB: Initializing buffer pool, total size = 16M, instances = 1, chunk size = 16M
2021-12-21  7:50:10 0 [Note] InnoDB: Completed initialization of buffer pool
2021-12-21  7:50:11 0 [Note] InnoDB: Starting crash recovery from checkpoint LSN=310288
2021-12-21  7:50:12 0 [Note] InnoDB: 128 out of 128 rollback segments are active.
2021-12-21  7:50:12 0 [Note] InnoDB: Removed temporary tablespace data file: "ibtmp1"
2021-12-21  7:50:12 0 [Note] InnoDB: Creating shared tablespace for temporary tables
2021-12-21  7:50:12 0 [Note] InnoDB: Setting file 'E:\XAMP_WORK\mysql\data\ibtmp1' size to 12 MB. Physically writing the file full; Please wait ...
2021-12-21  7:50:12 0 [Note] InnoDB: File 'E:\XAMP_WORK\mysql\data\ibtmp1' size is now 12 MB.
2021-12-21  7:50:12 0 [Note] InnoDB: Waiting for purge to start
2021-12-21  7:50:12 0 [Note] InnoDB: 10.4.22 started; log sequence number 310297; transaction id 277
2021-12-21  7:50:12 0 [Note] InnoDB: Loading buffer pool(s) from E:\XAMP_WORK\mysql\data\ib_buffer_pool
2021-12-21  7:50:12 0 [Note] Plugin 'FEEDBACK' is disabled.
2021-12-21  7:50:12 0 [Note] Server socket created on IP: '::'.
